{"/workspace/repo/apps/web/src/app/api/internal/callback/route.ts": {"path":"/workspace/repo/apps/web/src/app/api/internal/callback/route.ts","all":false,"statementMap":{"0":{"start":{"line":1,"column":0},"end":{"line":1,"column":38}},"1":{"start":{"line":2,"column":0},"end":{"line":2,"column":61}},"2":{"start":{"line":3,"column":0},"end":{"line":3,"column":27}},"3":{"start":{"line":4,"column":0},"end":{"line":4,"column":39}},"4":{"start":{"line":5,"column":0},"end":{"line":5,"column":45}},"5":{"start":{"line":6,"column":0},"end":{"line":6,"column":8}},"14":{"start":{"line":15,"column":0},"end":{"line":15,"column":45}},"15":{"start":{"line":16,"column":0},"end":{"line":16,"column":60}},"16":{"start":{"line":17,"column":0},"end":{"line":17,"column":60}},"18":{"start":{"line":19,"column":0},"end":{"line":19,"column":33}},"19":{"start":{"line":20,"column":0},"end":{"line":20,"column":47}},"20":{"start":{"line":21,"column":0},"end":{"line":21,"column":94}},"21":{"start":{"line":22,"column":0},"end":{"line":22,"column":9}},"22":{"start":{"line":23,"column":0},"end":{"line":23,"column":11}},"23":{"start":{"line":24,"column":0},"end":{"line":24,"column":8}},"24":{"start":{"line":25,"column":0},"end":{"line":25,"column":66}},"25":{"start":{"line":26,"column":0},"end":{"line":26,"column":14}},"26":{"start":{"line":27,"column":0},"end":{"line":27,"column":45}},"27":{"start":{"line":28,"column":0},"end":{"line":28,"column":35}},"29":{"start":{"line":30,"column":0},"end":{"line":30,"column":56}},"30":{"start":{"line":31,"column":0},"end":{"line":31,"column":57}},"31":{"start":{"line":32,"column":0},"end":{"line":32,"column":60}},"32":{"start":{"line":33,"column":0},"end":{"line":33,"column":61}},"33":{"start":{"line":34,"column":0},"end":{"line":34,"column":3}},"41":{"start":{"line":42,"column":0},"end":{"line":42,"column":50}},"42":{"start":{"line":43,"column":0},"end":{"line":43,"column":22}},"45":{"start":{"line":46,"column":0},"end":{"line":46,"column":57}},"46":{"start":{"line":47,"column":0},"end":{"line":47,"column":50}},"47":{"start":{"line":48,"column":0},"end":{"line":48,"column":73}},"48":{"start":{"line":49,"column":0},"end":{"line":49,"column":71}},"49":{"start":{"line":50,"column":0},"end":{"line":50,"column":2}},"51":{"start":{"line":52,"column":0},"end":{"line":52,"column":19}},"52":{"start":{"line":53,"column":0},"end":{"line":53,"column":6}},"53":{"start":{"line":54,"column":0},"end":{"line":54,"column":30}},"54":{"start":{"line":55,"column":0},"end":{"line":55,"column":10}},"55":{"start":{"line":56,"column":0},"end":{"line":56,"column":76}},"56":{"start":{"line":57,"column":0},"end":{"line":57,"column":2}},"58":{"start":{"line":59,"column":0},"end":{"line":59,"column":47}},"59":{"start":{"line":60,"column":0},"end":{"line":60,"column":23}},"60":{"start":{"line":61,"column":0},"end":{"line":61,"column":27}},"61":{"start":{"line":62,"column":0},"end":{"line":62,"column":74}},"62":{"start":{"line":63,"column":0},"end":{"line":63,"column":19}},"63":{"start":{"line":64,"column":0},"end":{"line":64,"column":4}},"64":{"start":{"line":65,"column":0},"end":{"line":65,"column":2}},"66":{"start":{"line":67,"column":0},"end":{"line":67,"column":27}},"68":{"start":{"line":69,"column":0},"end":{"line":69,"column":34}},"69":{"start":{"line":70,"column":0},"end":{"line":70,"column":80}},"70":{"start":{"line":71,"column":0},"end":{"line":71,"column":2}},"72":{"start":{"line":73,"column":0},"end":{"line":73,"column":20}},"75":{"start":{"line":76,"column":0},"end":{"line":76,"column":78}},"76":{"start":{"line":77,"column":0},"end":{"line":77,"column":24}},"77":{"start":{"line":78,"column":0},"end":{"line":78,"column":12}},"78":{"start":{"line":79,"column":0},"end":{"line":79,"column":72}},"79":{"start":{"line":80,"column":0},"end":{"line":80,"column":2}},"85":{"start":{"line":86,"column":0},"end":{"line":86,"column":81}},"86":{"start":{"line":87,"column":0},"end":{"line":87,"column":27}},"87":{"start":{"line":88,"column":0},"end":{"line":88,"column":68}},"88":{"start":{"line":89,"column":0},"end":{"line":89,"column":19}},"89":{"start":{"line":90,"column":0},"end":{"line":90,"column":4}},"90":{"start":{"line":91,"column":0},"end":{"line":91,"column":2}},"97":{"start":{"line":98,"column":0},"end":{"line":98,"column":32}},"98":{"start":{"line":99,"column":0},"end":{"line":99,"column":93}},"108":{"start":{"line":109,"column":0},"end":{"line":109,"column":5}},"109":{"start":{"line":110,"column":0},"end":{"line":110,"column":35}},"110":{"start":{"line":111,"column":0},"end":{"line":111,"column":29}},"111":{"start":{"line":112,"column":0},"end":{"line":112,"column":22}},"112":{"start":{"line":113,"column":0},"end":{"line":113,"column":63}},"113":{"start":{"line":114,"column":0},"end":{"line":114,"column":4}},"114":{"start":{"line":115,"column":0},"end":{"line":115,"column":27}},"115":{"start":{"line":116,"column":0},"end":{"line":116,"column":74}},"116":{"start":{"line":117,"column":0},"end":{"line":117,"column":19}},"117":{"start":{"line":118,"column":0},"end":{"line":118,"column":4}},"118":{"start":{"line":119,"column":0},"end":{"line":119,"column":2}},"123":{"start":{"line":124,"column":0},"end":{"line":124,"column":91}},"125":{"start":{"line":126,"column":0},"end":{"line":126,"column":5}},"126":{"start":{"line":127,"column":0},"end":{"line":127,"column":24}},"127":{"start":{"line":128,"column":0},"end":{"line":128,"column":29}},"128":{"start":{"line":129,"column":0},"end":{"line":129,"column":89}},"129":{"start":{"line":130,"column":0},"end":{"line":130,"column":4}},"130":{"start":{"line":131,"column":0},"end":{"line":131,"column":27}},"131":{"start":{"line":132,"column":0},"end":{"line":132,"column":75}},"132":{"start":{"line":133,"column":0},"end":{"line":133,"column":19}},"133":{"start":{"line":134,"column":0},"end":{"line":134,"column":4}},"134":{"start":{"line":135,"column":0},"end":{"line":135,"column":2}},"136":{"start":{"line":137,"column":0},"end":{"line":137,"column":24}},"139":{"start":{"line":140,"column":0},"end":{"line":140,"column":48}},"140":{"start":{"line":141,"column":0},"end":{"line":141,"column":23}},"141":{"start":{"line":142,"column":0},"end":{"line":142,"column":3}},"144":{"start":{"line":145,"column":0},"end":{"line":145,"column":54}},"145":{"start":{"line":146,"column":0},"end":{"line":146,"column":31}},"146":{"start":{"line":147,"column":0},"end":{"line":147,"column":2}},"149":{"start":{"line":150,"column":0},"end":{"line":150,"column":38}},"150":{"start":{"line":151,"column":0},"end":{"line":151,"column":35}},"151":{"start":{"line":152,"column":0},"end":{"line":152,"column":2}},"153":{"start":{"line":154,"column":0},"end":{"line":154,"column":19}},"154":{"start":{"line":155,"column":0},"end":{"line":155,"column":35}},"155":{"start":{"line":156,"column":0},"end":{"line":156,"column":2}},"157":{"start":{"line":158,"column":0},"end":{"line":158,"column":34}},"158":{"start":{"line":159,"column":0},"end":{"line":159,"column":65}},"159":{"start":{"line":160,"column":0},"end":{"line":160,"column":2}},"162":{"start":{"line":163,"column":0},"end":{"line":163,"column":38}},"163":{"start":{"line":164,"column":0},"end":{"line":164,"column":32}},"166":{"start":{"line":167,"column":0},"end":{"line":167,"column":44}},"167":{"start":{"line":168,"column":0},"end":{"line":168,"column":39}},"168":{"start":{"line":169,"column":0},"end":{"line":169,"column":2}},"172":{"start":{"line":173,"column":0},"end":{"line":173,"column":75}},"173":{"start":{"line":174,"column":0},"end":{"line":174,"column":53}},"174":{"start":{"line":175,"column":0},"end":{"line":175,"column":55}},"175":{"start":{"line":176,"column":0},"end":{"line":176,"column":61}},"176":{"start":{"line":177,"column":0},"end":{"line":177,"column":63}},"178":{"start":{"line":179,"column":0},"end":{"line":179,"column":62}},"179":{"start":{"line":180,"column":0},"end":{"line":180,"column":65}},"180":{"start":{"line":181,"column":0},"end":{"line":181,"column":74}},"181":{"start":{"line":182,"column":0},"end":{"line":182,"column":77}},"183":{"start":{"line":184,"column":0},"end":{"line":184,"column":40}},"184":{"start":{"line":185,"column":0},"end":{"line":185,"column":42}},"185":{"start":{"line":186,"column":0},"end":{"line":186,"column":48}},"186":{"start":{"line":187,"column":0},"end":{"line":187,"column":50}},"189":{"start":{"line":190,"column":0},"end":{"line":190,"column":43}},"190":{"start":{"line":191,"column":0},"end":{"line":191,"column":4}},"191":{"start":{"line":192,"column":0},"end":{"line":192,"column":28}},"192":{"start":{"line":193,"column":0},"end":{"line":193,"column":30}},"193":{"start":{"line":194,"column":0},"end":{"line":194,"column":36}},"194":{"start":{"line":195,"column":0},"end":{"line":195,"column":38}},"195":{"start":{"line":196,"column":0},"end":{"line":196,"column":5}},"196":{"start":{"line":197,"column":0},"end":{"line":197,"column":4}},"197":{"start":{"line":198,"column":0},"end":{"line":198,"column":47}},"198":{"start":{"line":199,"column":0},"end":{"line":199,"column":49}},"199":{"start":{"line":200,"column":0},"end":{"line":200,"column":56}},"200":{"start":{"line":201,"column":0},"end":{"line":201,"column":58}},"201":{"start":{"line":202,"column":0},"end":{"line":202,"column":5}},"202":{"start":{"line":203,"column":0},"end":{"line":203,"column":4}},"203":{"start":{"line":204,"column":0},"end":{"line":204,"column":55}},"206":{"start":{"line":207,"column":0},"end":{"line":207,"column":85}},"207":{"start":{"line":208,"column":0},"end":{"line":208,"column":21}},"208":{"start":{"line":209,"column":0},"end":{"line":209,"column":75}},"209":{"start":{"line":210,"column":0},"end":{"line":210,"column":78}},"210":{"start":{"line":211,"column":0},"end":{"line":211,"column":48}},"211":{"start":{"line":212,"column":0},"end":{"line":212,"column":15}},"212":{"start":{"line":213,"column":0},"end":{"line":213,"column":21}},"213":{"start":{"line":214,"column":0},"end":{"line":214,"column":25}},"214":{"start":{"line":215,"column":0},"end":{"line":215,"column":6}},"215":{"start":{"line":216,"column":0},"end":{"line":216,"column":5}},"216":{"start":{"line":217,"column":0},"end":{"line":217,"column":49}},"217":{"start":{"line":218,"column":0},"end":{"line":218,"column":52}},"218":{"start":{"line":219,"column":0},"end":{"line":219,"column":64}},"219":{"start":{"line":220,"column":0},"end":{"line":220,"column":6}},"220":{"start":{"line":221,"column":0},"end":{"line":221,"column":5}},"221":{"start":{"line":222,"column":0},"end":{"line":222,"column":60}},"222":{"start":{"line":223,"column":0},"end":{"line":223,"column":67}},"223":{"start":{"line":224,"column":0},"end":{"line":224,"column":10}},"224":{"start":{"line":225,"column":0},"end":{"line":225,"column":49}},"225":{"start":{"line":226,"column":0},"end":{"line":226,"column":3}},"226":{"start":{"line":227,"column":0},"end":{"line":227,"column":2}},"230":{"start":{"line":231,"column":0},"end":{"line":231,"column":31}},"231":{"start":{"line":232,"column":0},"end":{"line":232,"column":52}},"232":{"start":{"line":233,"column":0},"end":{"line":233,"column":53}},"233":{"start":{"line":234,"column":0},"end":{"line":234,"column":98}},"235":{"start":{"line":236,"column":0},"end":{"line":236,"column":47}},"236":{"start":{"line":237,"column":0},"end":{"line":237,"column":56}},"237":{"start":{"line":238,"column":0},"end":{"line":238,"column":58}},"238":{"start":{"line":239,"column":0},"end":{"line":239,"column":64}},"239":{"start":{"line":240,"column":0},"end":{"line":240,"column":66}},"240":{"start":{"line":241,"column":0},"end":{"line":241,"column":62}},"241":{"start":{"line":242,"column":0},"end":{"line":242,"column":53}},"242":{"start":{"line":243,"column":0},"end":{"line":243,"column":67}},"243":{"start":{"line":244,"column":0},"end":{"line":244,"column":4}},"244":{"start":{"line":245,"column":0},"end":{"line":245,"column":48}},"245":{"start":{"line":246,"column":0},"end":{"line":246,"column":3}},"246":{"start":{"line":247,"column":0},"end":{"line":247,"column":46}},"247":{"start":{"line":248,"column":0},"end":{"line":248,"column":76}},"248":{"start":{"line":249,"column":0},"end":{"line":249,"column":3}},"249":{"start":{"line":250,"column":0},"end":{"line":250,"column":41}},"250":{"start":{"line":251,"column":0},"end":{"line":251,"column":2}},"256":{"start":{"line":257,"column":0},"end":{"line":257,"column":27}},"257":{"start":{"line":258,"column":0},"end":{"line":258,"column":26}},"258":{"start":{"line":259,"column":0},"end":{"line":259,"column":16}},"259":{"start":{"line":260,"column":0},"end":{"line":260,"column":21}},"260":{"start":{"line":261,"column":0},"end":{"line":261,"column":69}},"261":{"start":{"line":262,"column":0},"end":{"line":262,"column":31}},"262":{"start":{"line":263,"column":0},"end":{"line":263,"column":29}},"263":{"start":{"line":264,"column":0},"end":{"line":264,"column":28}},"264":{"start":{"line":265,"column":0},"end":{"line":265,"column":85}},"265":{"start":{"line":266,"column":0},"end":{"line":266,"column":20}},"266":{"start":{"line":267,"column":0},"end":{"line":267,"column":5}},"267":{"start":{"line":268,"column":0},"end":{"line":268,"column":3}},"268":{"start":{"line":269,"column":0},"end":{"line":269,"column":41}},"269":{"start":{"line":270,"column":0},"end":{"line":270,"column":10}},"270":{"start":{"line":271,"column":0},"end":{"line":271,"column":16}},"271":{"start":{"line":272,"column":0},"end":{"line":272,"column":61}},"272":{"start":{"line":273,"column":0},"end":{"line":273,"column":36}},"273":{"start":{"line":274,"column":0},"end":{"line":274,"column":2}},"276":{"start":{"line":277,"column":0},"end":{"line":277,"column":38}},"277":{"start":{"line":278,"column":0},"end":{"line":278,"column":7}},"278":{"start":{"line":279,"column":0},"end":{"line":279,"column":52}},"279":{"start":{"line":280,"column":0},"end":{"line":280,"column":19}},"281":{"start":{"line":282,"column":0},"end":{"line":282,"column":59}},"282":{"start":{"line":283,"column":0},"end":{"line":283,"column":3}},"283":{"start":{"line":284,"column":0},"end":{"line":284,"column":2}},"286":{"start":{"line":287,"column":0},"end":{"line":287,"column":21}},"287":{"start":{"line":288,"column":0},"end":{"line":288,"column":9}},"288":{"start":{"line":289,"column":0},"end":{"line":289,"column":53}},"289":{"start":{"line":290,"column":0},"end":{"line":290,"column":83}},"290":{"start":{"line":291,"column":0},"end":{"line":291,"column":86}},"291":{"start":{"line":292,"column":0},"end":{"line":292,"column":71}},"292":{"start":{"line":293,"column":0},"end":{"line":293,"column":66}},"293":{"start":{"line":294,"column":0},"end":{"line":294,"column":3}},"294":{"start":{"line":295,"column":0},"end":{"line":295,"column":60}},"296":{"start":{"line":297,"column":0},"end":{"line":297,"column":40}},"297":{"start":{"line":298,"column":0},"end":{"line":298,"column":1}}},"s":{"0":1,"1":1,"2":1,"3":1,"4":1,"5":1,"14":1,"15":1,"16":1,"18":1,"19":1,"20":1,"21":1,"22":1,"23":1,"24":1,"25":1,"26":1,"27":1,"29":1,"30":1,"31":1,"32":1,"33":1,"41":38,"42":38,"45":38,"46":38,"47":38,"48":2,"49":2,"51":36,"52":36,"53":36,"54":38,"55":1,"56":1,"58":35,"59":38,"60":2,"61":2,"62":2,"63":2,"64":2,"66":33,"68":38,"69":1,"70":1,"72":32,"75":32,"76":32,"77":38,"78":1,"79":1,"85":38,"86":1,"87":1,"88":1,"89":1,"90":1,"97":30,"98":38,"108":38,"109":38,"110":17,"111":12,"112":9,"113":38,"114":1,"115":1,"116":1,"117":1,"118":1,"123":38,"125":38,"126":38,"127":28,"128":23,"129":38,"130":1,"131":1,"132":1,"133":1,"134":1,"136":28,"139":28,"140":28,"141":28,"144":38,"145":1,"146":1,"149":38,"150":16,"151":16,"153":38,"154":11,"155":11,"157":38,"158":7,"159":7,"162":38,"163":10,"166":10,"167":10,"168":10,"172":38,"173":7,"174":7,"175":7,"176":7,"178":7,"179":7,"180":7,"181":7,"183":7,"184":7,"185":7,"186":7,"189":7,"190":7,"191":7,"192":7,"193":7,"194":7,"195":7,"196":7,"197":7,"198":7,"199":7,"200":7,"201":7,"202":7,"203":7,"206":7,"207":7,"208":6,"209":6,"210":6,"211":6,"212":6,"213":6,"214":6,"215":6,"216":6,"217":6,"218":6,"219":6,"220":6,"221":6,"222":6,"223":7,"224":1,"225":1,"226":7,"230":38,"231":5,"232":5,"233":5,"235":5,"236":2,"237":2,"238":2,"239":2,"240":2,"241":2,"242":2,"243":2,"244":2,"245":2,"246":5,"247":4,"248":4,"249":5,"250":5,"256":38,"257":22,"258":22,"259":22,"260":22,"261":22,"262":22,"263":1,"264":1,"265":1,"266":1,"267":1,"268":38,"269":1,"270":1,"271":1,"272":1,"273":1,"276":38,"277":11,"278":11,"279":11,"281":1,"282":1,"283":11,"286":22,"287":22,"288":38,"289":38,"290":38,"291":38,"292":38,"293":38,"294":38,"296":38,"297":38},"branchMap":{"0":{"type":"branch","line":25,"loc":{"start":{"line":25,"column":10},"end":{"line":25,"column":41}},"locations":[{"start":{"line":25,"column":10},"end":{"line":25,"column":41}}]},"1":{"type":"branch","line":42,"loc":{"start":{"line":42,"column":0},"end":{"line":298,"column":1}},"locations":[{"start":{"line":42,"column":0},"end":{"line":298,"column":1}}]},"2":{"type":"branch","line":48,"loc":{"start":{"line":48,"column":72},"end":{"line":50,"column":2}},"locations":[{"start":{"line":48,"column":72},"end":{"line":50,"column":2}}]},"3":{"type":"branch","line":50,"loc":{"start":{"line":50,"column":1},"end":{"line":54,"column":30}},"locations":[{"start":{"line":50,"column":1},"end":{"line":54,"column":30}}]},"4":{"type":"branch","line":54,"loc":{"start":{"line":54,"column":28},"end":{"line":55,"column":9}},"locations":[{"start":{"line":54,"column":28},"end":{"line":55,"column":9}}]},"5":{"type":"branch","line":55,"loc":{"start":{"line":55,"column":1},"end":{"line":57,"column":2}},"locations":[{"start":{"line":55,"column":1},"end":{"line":57,"column":2}}]},"6":{"type":"branch","line":57,"loc":{"start":{"line":57,"column":1},"end":{"line":60,"column":22}},"locations":[{"start":{"line":57,"column":1},"end":{"line":60,"column":22}}]},"7":{"type":"branch","line":60,"loc":{"start":{"line":60,"column":22},"end":{"line":65,"column":2}},"locations":[{"start":{"line":60,"column":22},"end":{"line":65,"column":2}}]},"8":{"type":"branch","line":65,"loc":{"start":{"line":65,"column":1},"end":{"line":69,"column":33}},"locations":[{"start":{"line":65,"column":1},"end":{"line":69,"column":33}}]},"9":{"type":"branch","line":69,"loc":{"start":{"line":69,"column":33},"end":{"line":71,"column":2}},"locations":[{"start":{"line":69,"column":33},"end":{"line":71,"column":2}}]},"10":{"type":"branch","line":71,"loc":{"start":{"line":71,"column":1},"end":{"line":78,"column":11}},"locations":[{"start":{"line":71,"column":1},"end":{"line":78,"column":11}}]},"11":{"type":"branch","line":78,"loc":{"start":{"line":78,"column":11},"end":{"line":80,"column":2}},"locations":[{"start":{"line":78,"column":11},"end":{"line":80,"column":2}}]},"12":{"type":"branch","line":80,"loc":{"start":{"line":80,"column":1},"end":{"line":86,"column":25}},"locations":[{"start":{"line":80,"column":1},"end":{"line":86,"column":25}}]},"13":{"type":"branch","line":86,"loc":{"start":{"line":86,"column":11},"end":{"line":86,"column":43}},"locations":[{"start":{"line":86,"column":11},"end":{"line":86,"column":43}}]},"14":{"type":"branch","line":86,"loc":{"start":{"line":86,"column":29},"end":{"line":86,"column":80}},"locations":[{"start":{"line":86,"column":29},"end":{"line":86,"column":80}}]},"15":{"type":"branch","line":86,"loc":{"start":{"line":86,"column":80},"end":{"line":91,"column":2}},"locations":[{"start":{"line":86,"column":80},"end":{"line":91,"column":2}}]},"16":{"type":"branch","line":91,"loc":{"start":{"line":91,"column":1},"end":{"line":99,"column":31}},"locations":[{"start":{"line":91,"column":1},"end":{"line":99,"column":31}}]},"17":{"type":"branch","line":99,"loc":{"start":{"line":99,"column":18},"end":{"line":99,"column":62}},"locations":[{"start":{"line":99,"column":18},"end":{"line":99,"column":62}}]},"18":{"type":"branch","line":99,"loc":{"start":{"line":99,"column":46},"end":{"line":99,"column":93}},"locations":[{"start":{"line":99,"column":46},"end":{"line":99,"column":93}}]},"19":{"type":"branch","line":110,"loc":{"start":{"line":110,"column":19},"end":{"line":111,"column":29}},"locations":[{"start":{"line":110,"column":19},"end":{"line":111,"column":29}}]},"20":{"type":"branch","line":111,"loc":{"start":{"line":111,"column":3},"end":{"line":112,"column":22}},"locations":[{"start":{"line":111,"column":3},"end":{"line":112,"column":22}}]},"21":{"type":"branch","line":112,"loc":{"start":{"line":112,"column":9},"end":{"line":113,"column":63}},"locations":[{"start":{"line":112,"column":9},"end":{"line":113,"column":63}}]},"22":{"type":"branch","line":113,"loc":{"start":{"line":113,"column":8},"end":{"line":113,"column":28}},"locations":[{"start":{"line":113,"column":8},"end":{"line":113,"column":28}}]},"23":{"type":"branch","line":113,"loc":{"start":{"line":113,"column":28},"end":{"line":113,"column":63}},"locations":[{"start":{"line":113,"column":28},"end":{"line":113,"column":63}}]},"24":{"type":"branch","line":114,"loc":{"start":{"line":114,"column":3},"end":{"line":119,"column":2}},"locations":[{"start":{"line":114,"column":3},"end":{"line":119,"column":2}}]},"25":{"type":"branch","line":119,"loc":{"start":{"line":119,"column":1},"end":{"line":124,"column":60}},"locations":[{"start":{"line":119,"column":1},"end":{"line":124,"column":60}}]},"26":{"type":"branch","line":124,"loc":{"start":{"line":124,"column":43},"end":{"line":124,"column":91}},"locations":[{"start":{"line":124,"column":43},"end":{"line":124,"column":91}}]},"27":{"type":"branch","line":127,"loc":{"start":{"line":127,"column":3},"end":{"line":128,"column":29}},"locations":[{"start":{"line":127,"column":3},"end":{"line":128,"column":29}}]},"28":{"type":"branch","line":128,"loc":{"start":{"line":128,"column":3},"end":{"line":129,"column":89}},"locations":[{"start":{"line":128,"column":3},"end":{"line":129,"column":89}}]},"29":{"type":"branch","line":130,"loc":{"start":{"line":130,"column":3},"end":{"line":135,"column":2}},"locations":[{"start":{"line":130,"column":3},"end":{"line":135,"column":2}}]},"30":{"type":"branch","line":135,"loc":{"start":{"line":135,"column":1},"end":{"line":145,"column":23}},"locations":[{"start":{"line":135,"column":1},"end":{"line":145,"column":23}}]},"31":{"type":"branch","line":145,"loc":{"start":{"line":145,"column":10},"end":{"line":145,"column":53}},"locations":[{"start":{"line":145,"column":10},"end":{"line":145,"column":53}}]},"32":{"type":"branch","line":145,"loc":{"start":{"line":145,"column":53},"end":{"line":147,"column":2}},"locations":[{"start":{"line":145,"column":53},"end":{"line":147,"column":2}}]},"33":{"type":"branch","line":147,"loc":{"start":{"line":147,"column":1},"end":{"line":150,"column":37}},"locations":[{"start":{"line":147,"column":1},"end":{"line":150,"column":37}}]},"34":{"type":"branch","line":150,"loc":{"start":{"line":150,"column":37},"end":{"line":152,"column":2}},"locations":[{"start":{"line":150,"column":37},"end":{"line":152,"column":2}}]},"35":{"type":"branch","line":152,"loc":{"start":{"line":152,"column":1},"end":{"line":154,"column":18}},"locations":[{"start":{"line":152,"column":1},"end":{"line":154,"column":18}}]},"36":{"type":"branch","line":154,"loc":{"start":{"line":154,"column":18},"end":{"line":156,"column":2}},"locations":[{"start":{"line":154,"column":18},"end":{"line":156,"column":2}}]},"37":{"type":"branch","line":156,"loc":{"start":{"line":156,"column":1},"end":{"line":158,"column":33}},"locations":[{"start":{"line":156,"column":1},"end":{"line":158,"column":33}}]},"38":{"type":"branch","line":158,"loc":{"start":{"line":158,"column":33},"end":{"line":160,"column":2}},"locations":[{"start":{"line":158,"column":33},"end":{"line":160,"column":2}}]},"39":{"type":"branch","line":160,"loc":{"start":{"line":160,"column":1},"end":{"line":163,"column":37}},"locations":[{"start":{"line":160,"column":1},"end":{"line":163,"column":37}}]},"40":{"type":"branch","line":163,"loc":{"start":{"line":163,"column":37},"end":{"line":169,"column":2}},"locations":[{"start":{"line":163,"column":37},"end":{"line":169,"column":2}}]},"41":{"type":"branch","line":169,"loc":{"start":{"line":169,"column":1},"end":{"line":173,"column":40}},"locations":[{"start":{"line":169,"column":1},"end":{"line":173,"column":40}}]},"42":{"type":"branch","line":173,"loc":{"start":{"line":173,"column":27},"end":{"line":173,"column":74}},"locations":[{"start":{"line":173,"column":27},"end":{"line":173,"column":74}}]},"43":{"type":"branch","line":173,"loc":{"start":{"line":173,"column":74},"end":{"line":227,"column":2}},"locations":[{"start":{"line":173,"column":74},"end":{"line":227,"column":2}}]},"44":{"type":"branch","line":174,"loc":{"start":{"line":174,"column":46},"end":{"line":174,"column":53}},"locations":[{"start":{"line":174,"column":46},"end":{"line":174,"column":53}}]},"45":{"type":"branch","line":175,"loc":{"start":{"line":175,"column":48},"end":{"line":175,"column":55}},"locations":[{"start":{"line":175,"column":48},"end":{"line":175,"column":55}}]},"46":{"type":"branch","line":176,"loc":{"start":{"line":176,"column":54},"end":{"line":176,"column":61}},"locations":[{"start":{"line":176,"column":54},"end":{"line":176,"column":61}}]},"47":{"type":"branch","line":177,"loc":{"start":{"line":177,"column":56},"end":{"line":177,"column":63}},"locations":[{"start":{"line":177,"column":56},"end":{"line":177,"column":63}}]},"48":{"type":"branch","line":179,"loc":{"start":{"line":179,"column":44},"end":{"line":179,"column":62}},"locations":[{"start":{"line":179,"column":44},"end":{"line":179,"column":62}}]},"49":{"type":"branch","line":180,"loc":{"start":{"line":180,"column":46},"end":{"line":180,"column":65}},"locations":[{"start":{"line":180,"column":46},"end":{"line":180,"column":65}}]},"50":{"type":"branch","line":181,"loc":{"start":{"line":181,"column":52},"end":{"line":181,"column":74}},"locations":[{"start":{"line":181,"column":52},"end":{"line":181,"column":74}}]},"51":{"type":"branch","line":182,"loc":{"start":{"line":182,"column":54},"end":{"line":182,"column":77}},"locations":[{"start":{"line":182,"column":54},"end":{"line":182,"column":77}}]},"52":{"type":"branch","line":207,"loc":{"start":{"line":207,"column":27},"end":{"line":207,"column":85}},"locations":[{"start":{"line":207,"column":27},"end":{"line":207,"column":85}}]},"53":{"type":"branch","line":208,"loc":{"start":{"line":208,"column":20},"end":{"line":224,"column":9}},"locations":[{"start":{"line":208,"column":20},"end":{"line":224,"column":9}}]},"54":{"type":"branch","line":209,"loc":{"start":{"line":209,"column":36},"end":{"line":209,"column":75}},"locations":[{"start":{"line":209,"column":36},"end":{"line":209,"column":75}}]},"55":{"type":"branch","line":224,"loc":{"start":{"line":224,"column":2},"end":{"line":226,"column":3}},"locations":[{"start":{"line":224,"column":2},"end":{"line":226,"column":3}}]},"56":{"type":"branch","line":227,"loc":{"start":{"line":227,"column":1},"end":{"line":231,"column":30}},"locations":[{"start":{"line":227,"column":1},"end":{"line":231,"column":30}}]},"57":{"type":"branch","line":231,"loc":{"start":{"line":231,"column":30},"end":{"line":251,"column":2}},"locations":[{"start":{"line":231,"column":30},"end":{"line":251,"column":2}}]},"58":{"type":"branch","line":233,"loc":{"start":{"line":233,"column":19},"end":{"line":233,"column":53}},"locations":[{"start":{"line":233,"column":19},"end":{"line":233,"column":53}}]},"59":{"type":"branch","line":234,"loc":{"start":{"line":234,"column":34},"end":{"line":234,"column":98}},"locations":[{"start":{"line":234,"column":34},"end":{"line":234,"column":98}}]},"60":{"type":"branch","line":236,"loc":{"start":{"line":236,"column":46},"end":{"line":246,"column":3}},"locations":[{"start":{"line":236,"column":46},"end":{"line":246,"column":3}}]},"61":{"type":"branch","line":247,"loc":{"start":{"line":247,"column":45},"end":{"line":249,"column":3}},"locations":[{"start":{"line":247,"column":45},"end":{"line":249,"column":3}}]},"62":{"type":"branch","line":251,"loc":{"start":{"line":251,"column":1},"end":{"line":257,"column":26}},"locations":[{"start":{"line":251,"column":1},"end":{"line":257,"column":26}}]},"63":{"type":"branch","line":257,"loc":{"start":{"line":257,"column":26},"end":{"line":269,"column":12}},"locations":[{"start":{"line":257,"column":26},"end":{"line":269,"column":12}}]},"64":{"type":"branch","line":263,"loc":{"start":{"line":263,"column":28},"end":{"line":268,"column":3}},"locations":[{"start":{"line":263,"column":28},"end":{"line":268,"column":3}}]},"65":{"type":"branch","line":269,"loc":{"start":{"line":269,"column":1},"end":{"line":274,"column":2}},"locations":[{"start":{"line":269,"column":1},"end":{"line":274,"column":2}}]},"66":{"type":"branch","line":274,"loc":{"start":{"line":274,"column":1},"end":{"line":277,"column":37}},"locations":[{"start":{"line":274,"column":1},"end":{"line":277,"column":37}}]},"67":{"type":"branch","line":277,"loc":{"start":{"line":277,"column":37},"end":{"line":284,"column":2}},"locations":[{"start":{"line":277,"column":37},"end":{"line":284,"column":2}}]},"68":{"type":"branch","line":279,"loc":{"start":{"line":279,"column":50},"end":{"line":280,"column":11}},"locations":[{"start":{"line":279,"column":50},"end":{"line":280,"column":11}}]},"69":{"type":"branch","line":280,"loc":{"start":{"line":280,"column":2},"end":{"line":283,"column":3}},"locations":[{"start":{"line":280,"column":2},"end":{"line":283,"column":3}}]},"70":{"type":"branch","line":284,"loc":{"start":{"line":284,"column":1},"end":{"line":289,"column":25}},"locations":[{"start":{"line":284,"column":1},"end":{"line":289,"column":25}}]},"71":{"type":"branch","line":289,"loc":{"start":{"line":289,"column":16},"end":{"line":289,"column":53}},"locations":[{"start":{"line":289,"column":16},"end":{"line":289,"column":53}}]},"72":{"type":"branch","line":290,"loc":{"start":{"line":290,"column":29},"end":{"line":290,"column":83}},"locations":[{"start":{"line":290,"column":29},"end":{"line":290,"column":83}}]},"73":{"type":"branch","line":291,"loc":{"start":{"line":291,"column":30},"end":{"line":291,"column":86}},"locations":[{"start":{"line":291,"column":30},"end":{"line":291,"column":86}}]},"74":{"type":"branch","line":292,"loc":{"start":{"line":292,"column":25},"end":{"line":292,"column":71}},"locations":[{"start":{"line":292,"column":25},"end":{"line":292,"column":71}}]},"75":{"type":"branch","line":293,"loc":{"start":{"line":293,"column":28},"end":{"line":293,"column":66}},"locations":[{"start":{"line":293,"column":28},"end":{"line":293,"column":66}}]}},"b":{"0":[13],"1":[38],"2":[2],"3":[36],"4":[35],"5":[1],"6":[35],"7":[2],"8":[33],"9":[1],"10":[32],"11":[1],"12":[31],"13":[4],"14":[4],"15":[1],"16":[30],"17":[27],"18":[5],"19":[17],"20":[12],"21":[9],"22":[0],"23":[8],"24":[1],"25":[29],"26":[1],"27":[28],"28":[23],"29":[1],"30":[28],"31":[3],"32":[1],"33":[28],"34":[16],"35":[28],"36":[11],"37":[28],"38":[7],"39":[28],"40":[10],"41":[28],"42":[21],"43":[7],"44":[5],"45":[5],"46":[6],"47":[6],"48":[0],"49":[0],"50":[4],"51":[4],"52":[1],"53":[6],"54":[2],"55":[1],"56":[28],"57":[5],"58":[2],"59":[2],"60":[2],"61":[4],"62":[23],"63":[22],"64":[1],"65":[1],"66":[22],"67":[11],"68":[10],"69":[1],"70":[22],"71":[14],"72":[17],"73":[17],"74":[17],"75":[13]},"fnMap":{"0":{"name":"POST","decl":{"start":{"line":42,"column":0},"end":{"line":298,"column":1}},"loc":{"start":{"line":42,"column":0},"end":{"line":298,"column":1}},"line":42}},"f":{"0":38}}
,"/workspace/repo/apps/web/src/domain/jobs/cost.ts": {"path":"/workspace/repo/apps/web/src/domain/jobs/cost.ts","all":false,"statementMap":{"20":{"start":{"line":21,"column":0},"end":{"line":21,"column":90}},"21":{"start":{"line":22,"column":0},"end":{"line":22,"column":9}},"22":{"start":{"line":23,"column":0},"end":{"line":23,"column":56}},"23":{"start":{"line":24,"column":0},"end":{"line":24,"column":58}},"24":{"start":{"line":25,"column":0},"end":{"line":25,"column":71}},"25":{"start":{"line":26,"column":0},"end":{"line":26,"column":71}},"27":{"start":{"line":28,"column":0},"end":{"line":28,"column":1}},"29":{"start":{"line":30,"column":0},"end":{"line":30,"column":39}},"30":{"start":{"line":31,"column":0},"end":{"line":31,"column":20}},"31":{"start":{"line":32,"column":0},"end":{"line":32,"column":14}},"32":{"start":{"line":33,"column":0},"end":{"line":33,"column":15}},"33":{"start":{"line":34,"column":0},"end":{"line":34,"column":29}},"34":{"start":{"line":35,"column":0},"end":{"line":35,"column":25}},"35":{"start":{"line":36,"column":0},"end":{"line":36,"column":11}},"36":{"start":{"line":37,"column":0},"end":{"line":37,"column":38}},"37":{"start":{"line":38,"column":0},"end":{"line":38,"column":9}},"38":{"start":{"line":39,"column":0},"end":{"line":39,"column":9}},"39":{"start":{"line":40,"column":0},"end":{"line":40,"column":31}},"40":{"start":{"line":41,"column":0},"end":{"line":41,"column":33}},"41":{"start":{"line":42,"column":0},"end":{"line":42,"column":52}},"43":{"start":{"line":44,"column":0},"end":{"line":44,"column":1}},"45":{"start":{"line":46,"column":0},"end":{"line":46,"column":53}},"46":{"start":{"line":47,"column":0},"end":{"line":47,"column":32}},"47":{"start":{"line":48,"column":0},"end":{"line":48,"column":55}},"48":{"start":{"line":49,"column":0},"end":{"line":49,"column":41}},"49":{"start":{"line":50,"column":0},"end":{"line":50,"column":1}},"51":{"start":{"line":52,"column":0},"end":{"line":52,"column":50}},"52":{"start":{"line":53,"column":0},"end":{"line":53,"column":27}},"53":{"start":{"line":54,"column":0},"end":{"line":54,"column":1}}},"s":{"20":1,"21":18,"22":18,"23":18,"24":18,"25":18,"27":18,"29":1,"30":18,"31":18,"32":18,"33":18,"34":18,"35":18,"36":18,"37":18,"38":18,"39":18,"40":18,"41":18,"43":18,"45":1,"46":19,"47":19,"48":4,"49":4,"51":1,"52":14,"53":14},"branchMap":{"0":{"type":"branch","line":21,"loc":{"start":{"line":21,"column":7},"end":{"line":28,"column":1}},"locations":[{"start":{"line":21,"column":7},"end":{"line":28,"column":1}}]},"1":{"type":"branch","line":25,"loc":{"start":{"line":25,"column":10},"end":{"line":25,"column":34}},"locations":[{"start":{"line":25,"column":10},"end":{"line":25,"column":34}}]},"2":{"type":"branch","line":26,"loc":{"start":{"line":26,"column":10},"end":{"line":26,"column":35}},"locations":[{"start":{"line":26,"column":10},"end":{"line":26,"column":35}}]},"3":{"type":"branch","line":30,"loc":{"start":{"line":30,"column":7},"end":{"line":44,"column":1}},"locations":[{"start":{"line":30,"column":7},"end":{"line":44,"column":1}}]},"4":{"type":"branch","line":46,"loc":{"start":{"line":46,"column":7},"end":{"line":50,"column":1}},"locations":[{"start":{"line":46,"column":7},"end":{"line":50,"column":1}}]},"5":{"type":"branch","line":47,"loc":{"start":{"line":47,"column":15},"end":{"line":47,"column":32}},"locations":[{"start":{"line":47,"column":15},"end":{"line":47,"column":32}}]},"6":{"type":"branch","line":47,"loc":{"start":{"line":47,"column":30},"end":{"line":48,"column":27}},"locations":[{"start":{"line":47,"column":30},"end":{"line":48,"column":27}}]},"7":{"type":"branch","line":48,"loc":{"start":{"line":48,"column":20},"end":{"line":48,"column":55}},"locations":[{"start":{"line":48,"column":20},"end":{"line":48,"column":55}}]},"8":{"type":"branch","line":48,"loc":{"start":{"line":48,"column":51},"end":{"line":50,"column":1}},"locations":[{"start":{"line":48,"column":51},"end":{"line":50,"column":1}}]},"9":{"type":"branch","line":52,"loc":{"start":{"line":52,"column":7},"end":{"line":54,"column":1}},"locations":[{"start":{"line":52,"column":7},"end":{"line":54,"column":1}}]}},"b":{"0":[18],"1":[7],"2":[7],"3":[18],"4":[19],"5":[4],"6":[15],"7":[11],"8":[4],"9":[14]},"fnMap":{"0":{"name":"calculateBedrockCost","decl":{"start":{"line":21,"column":7},"end":{"line":28,"column":1}},"loc":{"start":{"line":21,"column":7},"end":{"line":28,"column":1}},"line":21},"1":{"name":"calculateContainerCost","decl":{"start":{"line":30,"column":7},"end":{"line":44,"column":1}},"loc":{"start":{"line":30,"column":7},"end":{"line":44,"column":1}},"line":30},"2":{"name":"formatTokenCount","decl":{"start":{"line":46,"column":7},"end":{"line":50,"column":1}},"loc":{"start":{"line":46,"column":7},"end":{"line":50,"column":1}},"line":46},"3":{"name":"formatCostUsd","decl":{"start":{"line":52,"column":7},"end":{"line":54,"column":1}},"loc":{"start":{"line":52,"column":7},"end":{"line":54,"column":1}},"line":52}},"f":{"0":18,"1":18,"2":19,"3":14}}
,"/workspace/repo/apps/web/src/lib/telegram.ts": {"path":"/workspace/repo/apps/web/src/lib/telegram.ts","all":false,"statementMap":{"0":{"start":{"line":1,"column":0},"end":{"line":1,"column":70}},"1":{"start":{"line":2,"column":0},"end":{"line":2,"column":31}},"19":{"start":{"line":20,"column":0},"end":{"line":20,"column":52}},"20":{"start":{"line":21,"column":0},"end":{"line":21,"column":44}},"21":{"start":{"line":22,"column":0},"end":{"line":22,"column":47}},"22":{"start":{"line":23,"column":0},"end":{"line":23,"column":56}},"23":{"start":{"line":24,"column":0},"end":{"line":24,"column":35}},"25":{"start":{"line":26,"column":0},"end":{"line":26,"column":17}},"26":{"start":{"line":27,"column":0},"end":{"line":27,"column":33}},"27":{"start":{"line":28,"column":0},"end":{"line":28,"column":2}},"28":{"start":{"line":29,"column":0},"end":{"line":29,"column":19}},"29":{"start":{"line":30,"column":0},"end":{"line":30,"column":35}},"30":{"start":{"line":31,"column":0},"end":{"line":31,"column":2}},"31":{"start":{"line":32,"column":0},"end":{"line":32,"column":22}},"32":{"start":{"line":33,"column":0},"end":{"line":33,"column":1}},"37":{"start":{"line":38,"column":0},"end":{"line":38,"column":52}},"38":{"start":{"line":39,"column":0},"end":{"line":39,"column":67}},"39":{"start":{"line":40,"column":0},"end":{"line":40,"column":31}},"40":{"start":{"line":41,"column":0},"end":{"line":41,"column":14}},"41":{"start":{"line":42,"column":0},"end":{"line":42,"column":73}},"42":{"start":{"line":43,"column":0},"end":{"line":43,"column":26}},"43":{"start":{"line":44,"column":0},"end":{"line":44,"column":1}},"48":{"start":{"line":49,"column":0},"end":{"line":49,"column":48}},"50":{"start":{"line":51,"column":0},"end":{"line":51,"column":62}},"51":{"start":{"line":52,"column":0},"end":{"line":52,"column":33}},"52":{"start":{"line":53,"column":0},"end":{"line":53,"column":1}},"54":{"start":{"line":55,"column":0},"end":{"line":55,"column":47}},"55":{"start":{"line":56,"column":0},"end":{"line":56,"column":23}},"56":{"start":{"line":57,"column":0},"end":{"line":57,"column":22}},"57":{"start":{"line":58,"column":0},"end":{"line":58,"column":28}},"58":{"start":{"line":59,"column":0},"end":{"line":59,"column":24}},"59":{"start":{"line":60,"column":0},"end":{"line":60,"column":45}},"60":{"start":{"line":61,"column":0},"end":{"line":61,"column":33}},"61":{"start":{"line":62,"column":0},"end":{"line":62,"column":2}},"63":{"start":{"line":64,"column":0},"end":{"line":64,"column":46}},"64":{"start":{"line":65,"column":0},"end":{"line":65,"column":16}},"65":{"start":{"line":66,"column":0},"end":{"line":66,"column":13}},"66":{"start":{"line":67,"column":0},"end":{"line":67,"column":16}},"67":{"start":{"line":68,"column":0},"end":{"line":68,"column":15}},"68":{"start":{"line":69,"column":0},"end":{"line":69,"column":18}},"69":{"start":{"line":70,"column":0},"end":{"line":70,"column":20}},"70":{"start":{"line":71,"column":0},"end":{"line":71,"column":2}},"75":{"start":{"line":76,"column":0},"end":{"line":76,"column":100}},"76":{"start":{"line":77,"column":0},"end":{"line":77,"column":47}},"77":{"start":{"line":78,"column":0},"end":{"line":78,"column":54}},"78":{"start":{"line":79,"column":0},"end":{"line":79,"column":28}},"81":{"start":{"line":82,"column":0},"end":{"line":82,"column":42}},"82":{"start":{"line":83,"column":0},"end":{"line":83,"column":39}},"83":{"start":{"line":84,"column":0},"end":{"line":84,"column":90}},"84":{"start":{"line":85,"column":0},"end":{"line":85,"column":49}},"85":{"start":{"line":86,"column":0},"end":{"line":86,"column":2}},"86":{"start":{"line":87,"column":0},"end":{"line":87,"column":22}},"87":{"start":{"line":88,"column":0},"end":{"line":88,"column":24}},"90":{"start":{"line":91,"column":0},"end":{"line":91,"column":22}},"91":{"start":{"line":92,"column":0},"end":{"line":92,"column":40}},"92":{"start":{"line":93,"column":0},"end":{"line":93,"column":93}},"93":{"start":{"line":94,"column":0},"end":{"line":94,"column":20}},"96":{"start":{"line":97,"column":0},"end":{"line":97,"column":39}},"99":{"start":{"line":100,"column":0},"end":{"line":100,"column":16}},"100":{"start":{"line":101,"column":0},"end":{"line":101,"column":36}},"103":{"start":{"line":104,"column":0},"end":{"line":104,"column":43}},"104":{"start":{"line":105,"column":0},"end":{"line":105,"column":104}},"105":{"start":{"line":106,"column":0},"end":{"line":106,"column":20}},"106":{"start":{"line":107,"column":0},"end":{"line":107,"column":59}},"107":{"start":{"line":108,"column":0},"end":{"line":108,"column":3}},"108":{"start":{"line":109,"column":0},"end":{"line":109,"column":24}},"109":{"start":{"line":110,"column":0},"end":{"line":110,"column":2}},"111":{"start":{"line":112,"column":0},"end":{"line":112,"column":17}},"113":{"start":{"line":114,"column":0},"end":{"line":114,"column":57}},"114":{"start":{"line":115,"column":0},"end":{"line":115,"column":53}},"115":{"start":{"line":116,"column":0},"end":{"line":116,"column":17}},"116":{"start":{"line":117,"column":0},"end":{"line":117,"column":57}},"117":{"start":{"line":118,"column":0},"end":{"line":118,"column":2}},"119":{"start":{"line":120,"column":0},"end":{"line":120,"column":25}},"120":{"start":{"line":121,"column":0},"end":{"line":121,"column":1}},"126":{"start":{"line":127,"column":0},"end":{"line":127,"column":39}},"127":{"start":{"line":128,"column":0},"end":{"line":128,"column":30}},"128":{"start":{"line":129,"column":0},"end":{"line":129,"column":19}},"129":{"start":{"line":130,"column":0},"end":{"line":130,"column":18}},"130":{"start":{"line":131,"column":0},"end":{"line":131,"column":22}},"131":{"start":{"line":132,"column":0},"end":{"line":132,"column":47}},"132":{"start":{"line":133,"column":0},"end":{"line":133,"column":43}},"134":{"start":{"line":135,"column":0},"end":{"line":135,"column":28}},"135":{"start":{"line":136,"column":0},"end":{"line":136,"column":9}},"136":{"start":{"line":137,"column":0},"end":{"line":137,"column":2}},"139":{"start":{"line":140,"column":0},"end":{"line":140,"column":33}},"140":{"start":{"line":141,"column":0},"end":{"line":141,"column":9}},"141":{"start":{"line":142,"column":0},"end":{"line":142,"column":2}},"143":{"start":{"line":144,"column":0},"end":{"line":144,"column":56}},"144":{"start":{"line":145,"column":0},"end":{"line":145,"column":67}},"146":{"start":{"line":147,"column":0},"end":{"line":147,"column":6}},"147":{"start":{"line":148,"column":0},"end":{"line":148,"column":37}},"148":{"start":{"line":149,"column":0},"end":{"line":149,"column":18}},"149":{"start":{"line":150,"column":0},"end":{"line":150,"column":51}},"150":{"start":{"line":151,"column":0},"end":{"line":151,"column":25}},"151":{"start":{"line":152,"column":0},"end":{"line":152,"column":20}},"152":{"start":{"line":153,"column":0},"end":{"line":153,"column":9}},"153":{"start":{"line":154,"column":0},"end":{"line":154,"column":23}},"154":{"start":{"line":155,"column":0},"end":{"line":155,"column":35}},"155":{"start":{"line":156,"column":0},"end":{"line":156,"column":6}},"156":{"start":{"line":157,"column":0},"end":{"line":157,"column":5}},"158":{"start":{"line":159,"column":0},"end":{"line":159,"column":21}},"159":{"start":{"line":160,"column":0},"end":{"line":160,"column":92}},"160":{"start":{"line":161,"column":0},"end":{"line":161,"column":3}},"161":{"start":{"line":162,"column":0},"end":{"line":162,"column":18}},"162":{"start":{"line":163,"column":0},"end":{"line":163,"column":55}},"163":{"start":{"line":164,"column":0},"end":{"line":164,"column":2}},"164":{"start":{"line":165,"column":0},"end":{"line":165,"column":1}}},"s":{"0":1,"1":1,"19":1,"20":20,"21":20,"22":20,"23":20,"25":20,"26":1,"27":1,"28":20,"29":17,"30":17,"31":2,"32":2,"37":1,"38":23,"39":23,"40":23,"41":23,"42":23,"43":23,"48":19,"50":19,"51":19,"52":19,"54":1,"55":1,"56":1,"57":1,"58":1,"59":1,"60":1,"61":1,"63":1,"64":1,"65":1,"66":1,"67":1,"68":1,"69":1,"70":1,"75":1,"76":19,"77":19,"78":19,"81":19,"82":19,"83":16,"84":16,"85":16,"86":19,"87":19,"90":19,"91":19,"92":19,"93":19,"96":19,"99":19,"100":19,"103":19,"104":2,"105":2,"106":1,"107":1,"108":2,"109":2,"111":19,"113":1,"114":1,"115":1,"116":1,"117":1,"119":19,"120":19,"126":42,"127":42,"128":42,"129":42,"130":42,"131":42,"132":42,"134":42,"135":36,"136":36,"139":8,"140":3,"141":3,"143":3,"144":3,"146":3,"147":3,"148":3,"149":3,"150":3,"151":3,"152":3,"153":3,"154":3,"155":3,"156":3,"158":8,"159":1,"160":1,"161":42,"162":1,"163":1,"164":42},"branchMap":{"0":{"type":"branch","line":20,"loc":{"start":{"line":20,"column":7},"end":{"line":33,"column":1}},"locations":[{"start":{"line":20,"column":7},"end":{"line":33,"column":1}}]},"1":{"type":"branch","line":26,"loc":{"start":{"line":26,"column":16},"end":{"line":28,"column":2}},"locations":[{"start":{"line":26,"column":16},"end":{"line":28,"column":2}}]},"2":{"type":"branch","line":28,"loc":{"start":{"line":28,"column":1},"end":{"line":29,"column":18}},"locations":[{"start":{"line":28,"column":1},"end":{"line":29,"column":18}}]},"3":{"type":"branch","line":29,"loc":{"start":{"line":29,"column":18},"end":{"line":31,"column":2}},"locations":[{"start":{"line":29,"column":18},"end":{"line":31,"column":2}}]},"4":{"type":"branch","line":31,"loc":{"start":{"line":31,"column":1},"end":{"line":33,"column":1}},"locations":[{"start":{"line":31,"column":1},"end":{"line":33,"column":1}}]},"5":{"type":"branch","line":38,"loc":{"start":{"line":38,"column":7},"end":{"line":44,"column":1}},"locations":[{"start":{"line":38,"column":7},"end":{"line":44,"column":1}}]},"6":{"type":"branch","line":39,"loc":{"start":{"line":39,"column":39},"end":{"line":39,"column":65}},"locations":[{"start":{"line":39,"column":39},"end":{"line":39,"column":65}}]},"7":{"type":"branch","line":42,"loc":{"start":{"line":42,"column":7},"end":{"line":42,"column":71}},"locations":[{"start":{"line":42,"column":7},"end":{"line":42,"column":71}}]},"8":{"type":"branch","line":42,"loc":{"start":{"line":42,"column":32},"end":{"line":42,"column":66}},"locations":[{"start":{"line":42,"column":32},"end":{"line":42,"column":66}}]},"9":{"type":"branch","line":42,"loc":{"start":{"line":42,"column":58},"end":{"line":42,"column":71}},"locations":[{"start":{"line":42,"column":58},"end":{"line":42,"column":71}}]},"10":{"type":"branch","line":49,"loc":{"start":{"line":49,"column":0},"end":{"line":53,"column":1}},"locations":[{"start":{"line":49,"column":0},"end":{"line":53,"column":1}}]},"11":{"type":"branch","line":52,"loc":{"start":{"line":52,"column":17},"end":{"line":52,"column":33}},"locations":[{"start":{"line":52,"column":17},"end":{"line":52,"column":33}}]},"12":{"type":"branch","line":76,"loc":{"start":{"line":76,"column":7},"end":{"line":121,"column":1}},"locations":[{"start":{"line":76,"column":7},"end":{"line":121,"column":1}}]},"13":{"type":"branch","line":77,"loc":{"start":{"line":77,"column":37},"end":{"line":77,"column":47}},"locations":[{"start":{"line":77,"column":37},"end":{"line":77,"column":47}}]},"14":{"type":"branch","line":78,"loc":{"start":{"line":78,"column":39},"end":{"line":78,"column":54}},"locations":[{"start":{"line":78,"column":39},"end":{"line":78,"column":54}}]},"15":{"type":"branch","line":83,"loc":{"start":{"line":83,"column":9},"end":{"line":83,"column":38}},"locations":[{"start":{"line":83,"column":9},"end":{"line":83,"column":38}}]},"16":{"type":"branch","line":83,"loc":{"start":{"line":83,"column":38},"end":{"line":86,"column":2}},"locations":[{"start":{"line":83,"column":38},"end":{"line":86,"column":2}}]},"17":{"type":"branch","line":93,"loc":{"start":{"line":93,"column":77},"end":{"line":93,"column":93}},"locations":[{"start":{"line":93,"column":77},"end":{"line":93,"column":93}}]},"18":{"type":"branch","line":104,"loc":{"start":{"line":104,"column":9},"end":{"line":104,"column":42}},"locations":[{"start":{"line":104,"column":9},"end":{"line":104,"column":42}}]},"19":{"type":"branch","line":104,"loc":{"start":{"line":104,"column":42},"end":{"line":110,"column":2}},"locations":[{"start":{"line":104,"column":42},"end":{"line":110,"column":2}}]},"20":{"type":"branch","line":106,"loc":{"start":{"line":106,"column":19},"end":{"line":108,"column":3}},"locations":[{"start":{"line":106,"column":19},"end":{"line":108,"column":3}}]},"21":{"type":"branch","line":112,"loc":{"start":{"line":112,"column":16},"end":{"line":118,"column":2}},"locations":[{"start":{"line":112,"column":16},"end":{"line":118,"column":2}}]},"22":{"type":"branch","line":115,"loc":{"start":{"line":115,"column":43},"end":{"line":115,"column":53}},"locations":[{"start":{"line":115,"column":43},"end":{"line":115,"column":53}}]},"23":{"type":"branch","line":127,"loc":{"start":{"line":127,"column":0},"end":{"line":165,"column":1}},"locations":[{"start":{"line":127,"column":0},"end":{"line":165,"column":1}}]},"24":{"type":"branch","line":135,"loc":{"start":{"line":135,"column":6},"end":{"line":135,"column":27}},"locations":[{"start":{"line":135,"column":6},"end":{"line":135,"column":27}}]},"25":{"type":"branch","line":135,"loc":{"start":{"line":135,"column":27},"end":{"line":137,"column":2}},"locations":[{"start":{"line":135,"column":27},"end":{"line":137,"column":2}}]},"26":{"type":"branch","line":137,"loc":{"start":{"line":137,"column":1},"end":{"line":161,"column":3}},"locations":[{"start":{"line":137,"column":1},"end":{"line":161,"column":3}}]},"27":{"type":"branch","line":137,"loc":{"start":{"line":137,"column":1},"end":{"line":140,"column":32}},"locations":[{"start":{"line":137,"column":1},"end":{"line":140,"column":32}}]},"28":{"type":"branch","line":140,"loc":{"start":{"line":140,"column":32},"end":{"line":157,"column":5}},"locations":[{"start":{"line":140,"column":32},"end":{"line":157,"column":5}}]},"29":{"type":"branch","line":157,"loc":{"start":{"line":157,"column":3},"end":{"line":159,"column":20}},"locations":[{"start":{"line":157,"column":3},"end":{"line":159,"column":20}}]},"30":{"type":"branch","line":159,"loc":{"start":{"line":159,"column":20},"end":{"line":161,"column":3}},"locations":[{"start":{"line":159,"column":20},"end":{"line":161,"column":3}}]},"31":{"type":"branch","line":162,"loc":{"start":{"line":162,"column":1},"end":{"line":164,"column":2}},"locations":[{"start":{"line":162,"column":1},"end":{"line":164,"column":2}}]}},"b":{"0":[20],"1":[1],"2":[19],"3":[17],"4":[2],"5":[23],"6":[50],"7":[44],"8":[1],"9":[43],"10":[19],"11":[0],"12":[19],"13":[1],"14":[1],"15":[17],"16":[16],"17":[0],"18":[2],"19":[2],"20":[1],"21":[1],"22":[0],"23":[42],"24":[7],"25":[36],"26":[8],"27":[6],"28":[3],"29":[2],"30":[1],"31":[1]},"fnMap":{"0":{"name":"formatDuration","decl":{"start":{"line":20,"column":7},"end":{"line":33,"column":1}},"loc":{"start":{"line":20,"column":7},"end":{"line":33,"column":1}},"line":20},"1":{"name":"truncateTask","decl":{"start":{"line":38,"column":7},"end":{"line":44,"column":1}},"loc":{"start":{"line":38,"column":7},"end":{"line":44,"column":1}},"line":38},"2":{"name":"shortRepo","decl":{"start":{"line":49,"column":0},"end":{"line":53,"column":1}},"loc":{"start":{"line":49,"column":0},"end":{"line":53,"column":1}},"line":49},"3":{"name":"formatNotificationMessage","decl":{"start":{"line":76,"column":7},"end":{"line":121,"column":1}},"loc":{"start":{"line":76,"column":7},"end":{"line":121,"column":1}},"line":76},"4":{"name":"sendNotification","decl":{"start":{"line":127,"column":0},"end":{"line":165,"column":1}},"loc":{"start":{"line":127,"column":0},"end":{"line":165,"column":1}},"line":127}},"f":{"0":20,"1":23,"2":19,"3":19,"4":42}}
}
